<?xml version="1.0" encoding="UTF-8"?>
<!-- Generated by org.testng.reporters.JUnitReportReporter -->
<testsuite hostname="hp-PC" failures="0" tests="4" name="dataprovider.Data" time="0.017" errors="0" timestamp="2021-05-11T20:31:56 IST" skipped="1">
  <testcase classname="dataprovider.Data" name="apple" time="0.012"/>
  <system-out/>
  <testcase classname="dataprovider.Data" name="carrot" time="0.003"/>
  <system-out/>
  <testcase classname="dataprovider.Data" name="banana" time="0.002"/>
  <system-out/>
  <testcase classname="dataprovider.Data" name="guava" time="0.000">
    <skipped/>
  </testcase> <!-- guava -->
  <system-out/>
</testsuite> <!-- dataprovider.Data -->
