<?xml version="1.0" encoding="UTF-8"?>
<!-- Generated by org.testng.reporters.JUnitReportReporter -->
<testsuite hostname="hp-PC" failures="0" tests="1" name="com.TestNg.FirstTestNGPgm" time="0.011" errors="0" timestamp="2021-05-06T21:09:16 IST" skipped="0">
  <testcase classname="com.TestNg.FirstTestNGPgm" name="c" time="0.011"/>
  <system-out/>
</testsuite> <!-- com.TestNg.FirstTestNGPgm -->
