<?xml version="1.0" encoding="UTF-8"?>
<!-- Generated by org.testng.reporters.JUnitReportReporter -->
<testsuite hostname="hp-PC" failures="0" tests="1" name="assertion.HardAssert" time="0.018" errors="0" timestamp="2021-05-10T20:44:55 IST" skipped="0">
  <testcase classname="assertion.HardAssert" name="hardassert" time="0.018"/>
  <system-out/>
</testsuite> <!-- assertion.HardAssert -->
