<?xml version="1.0" encoding="UTF-8"?>
<!-- Generated by org.testng.reporters.JUnitReportReporter -->
<testsuite hostname="hp-PC" failures="0" tests="2" name="com.TestNg.Annotation" time="0.006" errors="0" timestamp="2021-05-06T20:57:02 IST" skipped="0">
  <testcase classname="com.TestNg.Annotation" name="testcase1" time="0.005"/>
  <system-out/>
  <testcase classname="com.TestNg.Annotation" name="testcase2" time="0.001"/>
  <system-out/>
</testsuite> <!-- com.TestNg.Annotation -->
