<?xml version="1.0" encoding="UTF-8"?>
<!-- Generated by org.testng.reporters.JUnitReportReporter -->
<testsuite hostname="hp-PC" failures="0" tests="3" name="pom.LoginTest" time="3.134" errors="0" timestamp="2021-05-13T22:20:54 IST" skipped="0">
  <testcase classname="pom.LoginTest" name="navigate" time="0.725"/>
  <system-out>
    <![CDATA[navigation start
navigation end]]>
  </system-out>
  <testcase classname="pom.LoginTest" name="login" time="1.761"/>
  <system-out>
    <![CDATA[submit]]>
  </system-out>
  <testcase classname="pom.LoginTest" name="close" time="0.648"/>
  <system-out>
    <![CDATA[close browser]]>
  </system-out>
</testsuite> <!-- pom.LoginTest -->
