<?xml version="1.0" encoding="UTF-8"?>
<!-- Generated by org.testng.reporters.JUnitReportReporter -->
<testsuite hostname="hp-PC" failures="0" tests="1" name="waits.WaitsSelenium" time="5.817" errors="0" timestamp="2021-05-11T20:58:55 IST" skipped="0">
  <testcase classname="waits.WaitsSelenium" name="method1" time="5.817"/>
  <system-out/>
</testsuite> <!-- waits.WaitsSelenium -->
