<?xml version="1.0" encoding="UTF-8"?>
<!-- Generated by org.testng.reporters.JUnitReportReporter -->
<testsuite hostname="hp-PC" failures="0" tests="2" name="com.TestNg.Test1" time="0.005" errors="0" timestamp="2021-05-06T21:09:16 IST" skipped="0">
  <testcase classname="com.TestNg.Test1" name="m" time="0.002"/>
  <system-out/>
  <testcase classname="com.TestNg.Test1" name="m2" time="0.003"/>
  <system-out/>
</testsuite> <!-- com.TestNg.Test1 -->
